Arguments: 
  /home/debian/.nvm/versions/node/v16.15.1/bin/node /home/debian/.nvm/versions/node/v16.15.1/bin/yarn add axios

PATH: 
  /home/debian/.nvm/versions/node/v16.15.1/bin:/usr/local/sbin:/usr/local/bin:/usr/sbin:/usr/bin:/sbin:/bin:/usr/games:/usr/local/games:/usr/lib/wsl/lib:/mnt/c/Program Files/Microsoft/jdk-11.0.12.7-hotspot/bin:/mnt/c/Program Files/ImageMagick-7.1.0-Q16-HDRI:/mnt/c/Program Files/Microsoft/jdk-11.0.15.10-hotspot/bin:/mnt/c/Program Files/Oculus/Support/oculus-runtime:/mnt/c/Python310/Scripts/:/mnt/c/Python310/:/mnt/c/Windows/system32:/mnt/c/Windows:/mnt/c/Windows/System32/Wbem:/mnt/c/Windows/System32/WindowsPowerShell/v1.0/:/mnt/c/Windows/System32/OpenSSH/:/mnt/c/ProgramData/chocolatey/bin:/mnt/c/Users/logan/Documents/Tools/glua:/mnt/c/Users/logan/Documents/ffmpeg-5.0-full_build/bin:/mnt/c/Program Files/Git/cmd:/mnt/c/Program Files/Docker/Docker/resources/bin:/mnt/c/ProgramData/DockerDesktop/version-bin:/mnt/c/Program Files/PuTTY/:/mnt/c/Program Files/CMake/bin:/mnt/c/Program Files/Amazon/AWSSAMCLI/bin/:/mnt/c/Program Files/Amazon/AWSCLIV2/:/mnt/c/Program Files/dotnet/:/mnt/c/Users/logan/.cargo/bin:/mnt/c/Users/logan/AppData/Local/Microsoft/WindowsApps:/mnt/c/Users/logan/AppData/Local/Programs/Microsoft VS Code/bin:/mnt/c/Program Files (x86)/Nmap:/mnt/c/Users/logan/.dotnet/tools:/mnt/c/Program Files (x86)/mitmproxy/bin:/mnt/c/Users/logan/AppData/Roaming/npm:/mnt/c/Users/logan/AppData/Roaming/nvm:/mnt/c/Program Files/nodejs

Yarn version: 
  1.22.19

Node version: 
  16.15.1

Platform: 
  linux x64

Trace: 
  Error: EPERM: operation not permitted, copyfile '/home/debian/.cache/yarn/v6/npm-delayed-stream-1.0.0-df3ae199acadfb7d440aaae0b29e2272b24ec619-integrity/node_modules/delayed-stream/Readme.md' -> '/mnt/c/Users/logan/Desktop/Turtle/server/node_modules/delayed-stream/Readme.md'

npm manifest: 
  {
    "name": "server",
    "version": "1.0.0",
    "main": "index.js",
    "author": "Eclipse <me@a-logan.com>",
    "license": "MIT"
  }

yarn manifest: 
  No manifest

Lockfile: 
  # THIS IS AN AUTOGENERATED FILE. DO NOT EDIT THIS FILE DIRECTLY.
  # yarn lockfile v1
